Reading netlist file: "C:\Users\Enes\Documents\GomuluSistemlerProjects\trafik_lambasi\trafik_lambasi\impl\gwsynthesis\trafik_lambasi.vg"
Parsing netlist file "C:\Users\Enes\Documents\GomuluSistemlerProjects\trafik_lambasi\trafik_lambasi\impl\gwsynthesis\trafik_lambasi.vg" completed
Processing netlist completed
Reading constraint file: "C:\Users\Enes\Documents\GomuluSistemlerProjects\trafik_lambasi\trafik_lambasi\src\trafik_lambasi.cst"
Physical Constraint parsed completed
Running placement......
[10%] Placement Phase 0 completed
[20%] Placement Phase 1 completed
[30%] Placement Phase 2 completed
[50%] Placement Phase 3 completed
Running routing......
[60%] Routing Phase 0 completed
[70%] Routing Phase 1 completed
[80%] Routing Phase 2 completed
[90%] Routing Phase 3 completed
Running timing analysis......
[95%] Timing analysis completed
Placement and routing completed
Bitstream generation in progress......
Bitstream generation completed
Running power analysis......
[100%] Power analysis completed
Generate file "C:\Users\Enes\Documents\GomuluSistemlerProjects\trafik_lambasi\trafik_lambasi\impl\pnr\trafik_lambasi.power.html" completed
Generate file "C:\Users\Enes\Documents\GomuluSistemlerProjects\trafik_lambasi\trafik_lambasi\impl\pnr\trafik_lambasi.pin.html" completed
Generate file "C:\Users\Enes\Documents\GomuluSistemlerProjects\trafik_lambasi\trafik_lambasi\impl\pnr\trafik_lambasi.rpt.html" completed
Generate file "C:\Users\Enes\Documents\GomuluSistemlerProjects\trafik_lambasi\trafik_lambasi\impl\pnr\trafik_lambasi.rpt.txt" completed
Generate file "C:\Users\Enes\Documents\GomuluSistemlerProjects\trafik_lambasi\trafik_lambasi\impl\pnr\trafik_lambasi.tr.html" completed
Sun Apr 16 22:52:09 2023

